0 info it worked if it ends with ok
1 verbose cli [ '/usr/local/bin/node',
1 verbose cli   '/usr/local/bin/npm',
1 verbose cli   'publish',
1 verbose cli   '--access',
1 verbose cli   'public' ]
2 info using npm@3.10.9
3 info using node@v7.2.0
4 verbose publish [ '.' ]
5 silly cache add args [ '.', null ]
6 verbose cache add spec .
7 silly cache add parsed spec Result {
7 silly cache add   raw: '.',
7 silly cache add   scope: null,
7 silly cache add   escapedName: null,
7 silly cache add   name: null,
7 silly cache add   rawSpec: '.',
7 silly cache add   spec: '/Users/sgregory/Sites/_helpers',
7 silly cache add   type: 'directory' }
8 verbose addLocalDirectory /Users/sgregory/.npm/@fakesamgregory/underscore-helpers/0.0.2/package.tgz not in flight; packing
9 verbose correctMkdir /Users/sgregory/.npm correctMkdir not in flight; initializing
10 info lifecycle @fakesamgregory/underscore-helpers@0.0.2~prepublish: @fakesamgregory/underscore-helpers@0.0.2
11 silly lifecycle @fakesamgregory/underscore-helpers@0.0.2~prepublish: no script for prepublish, continuing
12 verbose tar pack [ '/Users/sgregory/.npm/@fakesamgregory/underscore-helpers/0.0.2/package.tgz',
12 verbose tar pack   '/Users/sgregory/Sites/_helpers' ]
13 verbose tarball /Users/sgregory/.npm/@fakesamgregory/underscore-helpers/0.0.2/package.tgz
14 verbose folder /Users/sgregory/Sites/_helpers
15 verbose addLocalTarball adding from inside cache /Users/sgregory/.npm/@fakesamgregory/underscore-helpers/0.0.2/package.tgz
16 verbose correctMkdir /Users/sgregory/.npm correctMkdir not in flight; initializing
17 silly cache afterAdd @fakesamgregory/underscore-helpers@0.0.2
18 verbose afterAdd /Users/sgregory/.npm/@fakesamgregory/underscore-helpers/0.0.2/package/package.json not in flight; writing
19 verbose correctMkdir /Users/sgregory/.npm correctMkdir not in flight; initializing
20 verbose afterAdd /Users/sgregory/.npm/@fakesamgregory/underscore-helpers/0.0.2/package/package.json written
21 silly publish { name: '@fakesamgregory/underscore-helpers',
21 silly publish   version: '0.0.2',
21 silly publish   description: '',
21 silly publish   main: 'index.js',
21 silly publish   scripts: { test: 'echo "Error: no test specified" && exit 1' },
21 silly publish   git: 'git@github.com:fakesamgregory/_helpers.git',
21 silly publish   author: '',
21 silly publish   license: 'ISC',
21 silly publish   readme: '# _helpers\n',
21 silly publish   readmeFilename: 'README.md',
21 silly publish   gitHead: '0dbc6c92b95ef6c6508b32ebceca0571b091a814',
21 silly publish   _id: '@fakesamgregory/underscore-helpers@0.0.2',
21 silly publish   _shasum: 'ba22987e594f9c7ec19bd3bae398933646d29e63',
21 silly publish   _from: '.' }
22 verbose getPublishConfig undefined
23 silly mapToRegistry name @fakesamgregory/underscore-helpers
24 silly mapToRegistry scope (from package name) @fakesamgregory
25 verbose mapToRegistry no registry URL found in name for scope @fakesamgregory
26 silly mapToRegistry using default registry
27 silly mapToRegistry registry https://registry.npmjs.org/
28 silly mapToRegistry data Result {
28 silly mapToRegistry   raw: '@fakesamgregory/underscore-helpers',
28 silly mapToRegistry   scope: '@fakesamgregory',
28 silly mapToRegistry   escapedName: '@fakesamgregory%2funderscore-helpers',
28 silly mapToRegistry   name: '@fakesamgregory/underscore-helpers',
28 silly mapToRegistry   rawSpec: '',
28 silly mapToRegistry   spec: 'latest',
28 silly mapToRegistry   type: 'tag' }
29 silly mapToRegistry uri https://registry.npmjs.org/@fakesamgregory%2funderscore-helpers
30 verbose publish registryBase https://registry.npmjs.org/
31 silly publish uploading /Users/sgregory/.npm/@fakesamgregory/underscore-helpers/0.0.2/package.tgz
32 verbose request uri https://registry.npmjs.org/@fakesamgregory%2funderscore-helpers
33 verbose request sending authorization for write operation
34 info attempt registry request try #1 at 3:54:17 PM
35 verbose request using bearer token for auth
36 verbose request id f8084a1973382e82
37 http request PUT https://registry.npmjs.org/@fakesamgregory%2funderscore-helpers
38 http 403 https://registry.npmjs.org/@fakesamgregory%2funderscore-helpers
39 verbose headers { 'content-type': 'application/json',
39 verbose headers   'cache-control': 'max-age=0',
39 verbose headers   'content-length': '91',
39 verbose headers   'accept-ranges': 'bytes',
39 verbose headers   date: 'Thu, 25 Jan 2018 15:54:19 GMT',
39 verbose headers   via: '1.1 varnish',
39 verbose headers   connection: 'keep-alive',
39 verbose headers   'x-served-by': 'cache-lcy19249-LCY',
39 verbose headers   'x-cache': 'MISS',
39 verbose headers   'x-cache-hits': '0',
39 verbose headers   'x-timer': 'S1516895658.799407,VS0,VE1473' }
40 verbose request invalidating /Users/sgregory/.npm/registry.npmjs.org/_40fakesamgregory_252funderscore-helpers on PUT
41 error publish Failed PUT 403
42 verbose stack Error: You cannot publish over the previously published version 0.0.2. : @fakesamgregory/underscore-helpers
42 verbose stack     at makeError (/usr/local/lib/node_modules/npm/node_modules/npm-registry-client/lib/request.js:302:12)
42 verbose stack     at CachingRegistryClient.<anonymous> (/usr/local/lib/node_modules/npm/node_modules/npm-registry-client/lib/request.js:290:14)
42 verbose stack     at Request._callback (/usr/local/lib/node_modules/npm/node_modules/npm-registry-client/lib/request.js:210:14)
42 verbose stack     at Request.self.callback (/usr/local/lib/node_modules/npm/node_modules/request/request.js:187:22)
42 verbose stack     at emitTwo (events.js:106:13)
42 verbose stack     at Request.emit (events.js:191:7)
42 verbose stack     at Request.<anonymous> (/usr/local/lib/node_modules/npm/node_modules/request/request.js:1048:10)
42 verbose stack     at emitOne (events.js:96:13)
42 verbose stack     at Request.emit (events.js:188:7)
42 verbose stack     at IncomingMessage.<anonymous> (/usr/local/lib/node_modules/npm/node_modules/request/request.js:969:12)
43 verbose statusCode 403
44 verbose pkgid @fakesamgregory/underscore-helpers
45 verbose cwd /Users/sgregory/Sites/_helpers
46 error Darwin 16.7.0
47 error argv "/usr/local/bin/node" "/usr/local/bin/npm" "publish" "--access" "public"
48 error node v7.2.0
49 error npm  v3.10.9
50 error code E403
51 error You cannot publish over the previously published version 0.0.2. : @fakesamgregory/underscore-helpers
52 error If you need help, you may report this error at:
52 error     <https://github.com/npm/npm/issues>
53 verbose exit [ 1, true ]
